app/build/intermediates/manifest_merge_blame_file/release/processReleaseMainManifest/manifest-merger-blame-release-report.txt
1<?xml version="1.0" encoding="utf-8"?>
2<manifest xmlns:android="http://schemas.android.com/apk/res/android"
3    package="com.agonlabs.nefesal"
4    android:versionCode="4"
5    android:versionName="1.0.1" >
6
7    <uses-sdk
8        android:minSdkVersion="24"
9        android:targetSdkVersion="34" />
10
11    <uses-permission android:name="android.permission.INTERNET" />
11-->[com.google.firebase:firebase-crashlytics:19.4.1] AndroidManifest.xml:7:5-67
11-->[com.google.firebase:firebase-crashlytics:19.4.1] AndroidManifest.xml:7:22-64
12    <uses-permission android:name="android.permission.ACCESS_NETWORK_STATE" />
12-->[com.google.firebase:firebase-installations:18.0.0] AndroidManifest.xml:7:5-79
12-->[com.google.firebase:firebase-installations:18.0.0] AndroidManifest.xml:7:22-76
13
14    <permission
14-->[androidx.core:core:1.13.1] AndroidManifest.xml:22:5-24:47
15        android:name="com.agonlabs.nefesal.DYNAMIC_RECEIVER_NOT_EXPORTED_PERMISSION"
15-->[androidx.core:core:1.13.1] AndroidManifest.xml:23:9-81
16        android:protectionLevel="signature" />
16-->[androidx.core:core:1.13.1] AndroidManifest.xml:24:9-44
17
18    <uses-permission android:name="com.agonlabs.nefesal.DYNAMIC_RECEIVER_NOT_EXPORTED_PERMISSION" />
18-->[androidx.core:core:1.13.1] AndroidManifest.xml:26:5-97
18-->[androidx.core:core:1.13.1] AndroidManifest.xml:26:22-94
19
20    <application
20-->src/main/AndroidManifest.xml:6:5-28:19
21        android:name="com.agonlabs.nefesal.NefesAlApplication"
21-->src/main/AndroidManifest.xml:7:9-43
22        android:allowBackup="true"
22-->src/main/AndroidManifest.xml:8:9-35
23        android:appComponentFactory="androidx.core.app.CoreComponentFactory"
23-->[androidx.core:core:1.13.1] AndroidManifest.xml:28:18-86
24        android:dataExtractionRules="@xml/data_extraction_rules"
24-->src/main/AndroidManifest.xml:9:9-65
25        android:extractNativeLibs="false"
26        android:fullBackupContent="@xml/backup_rules"
26-->src/main/AndroidManifest.xml:10:9-54
27        android:icon="@mipmap/ic_launcher"
27-->src/main/AndroidManifest.xml:11:9-43
28        android:label="@string/app_name"
28-->src/main/AndroidManifest.xml:13:9-41
29        android:roundIcon="@mipmap/ic_launcher_round"
29-->src/main/AndroidManifest.xml:12:9-54
30        android:supportsRtl="true"
30-->src/main/AndroidManifest.xml:14:9-35
31        android:theme="@style/Theme.NefesAl" >
31-->src/main/AndroidManifest.xml:15:9-45
32        <activity
32-->src/main/AndroidManifest.xml:17:9-27:20
33            android:name="com.agonlabs.nefesal.MainActivity"
33-->src/main/AndroidManifest.xml:18:13-41
34            android:exported="true"
34-->src/main/AndroidManifest.xml:19:13-36
35            android:label="@string/app_name"
35-->src/main/AndroidManifest.xml:20:13-45
36            android:theme="@style/Theme.NefesAl" >
36-->src/main/AndroidManifest.xml:21:13-49
37            <intent-filter>
37-->src/main/AndroidManifest.xml:22:13-26:29
38                <action android:name="android.intent.action.MAIN" />
38-->src/main/AndroidManifest.xml:23:17-69
38-->src/main/AndroidManifest.xml:23:25-66
39
40                <category android:name="android.intent.category.LAUNCHER" />
40-->src/main/AndroidManifest.xml:25:17-77
40-->src/main/AndroidManifest.xml:25:27-74
41            </intent-filter>
42        </activity>
43
44        <service
44-->[com.google.firebase:firebase-crashlytics-ktx:19.4.1] AndroidManifest.xml:21:9-27:19
45            android:name="com.google.firebase.components.ComponentDiscoveryService"
45-->[com.google.firebase:firebase-crashlytics-ktx:19.4.1] AndroidManifest.xml:22:13-84
46            android:directBootAware="true"
46-->[com.google.firebase:firebase-common:21.0.0] AndroidManifest.xml:32:13-43
47            android:exported="false" >
47-->[com.google.firebase:firebase-crashlytics-ktx:19.4.1] AndroidManifest.xml:23:13-37
48            <meta-data
48-->[com.google.firebase:firebase-crashlytics-ktx:19.4.1] AndroidManifest.xml:24:13-26:85
49                android:name="com.google.firebase.components:com.google.firebase.crashlytics.ktx.FirebaseCrashlyticsKtxRegistrar"
49-->[com.google.firebase:firebase-crashlytics-ktx:19.4.1] AndroidManifest.xml:25:17-130
50                android:value="com.google.firebase.components.ComponentRegistrar" />
50-->[com.google.firebase:firebase-crashlytics-ktx:19.4.1] AndroidManifest.xml:26:17-82
51            <meta-data
51-->[com.google.firebase:firebase-crashlytics:19.4.1] AndroidManifest.xml:15:13-17:85
52                android:name="com.google.firebase.components:com.google.firebase.crashlytics.FirebaseCrashlyticsKtxRegistrar"
52-->[com.google.firebase:firebase-crashlytics:19.4.1] AndroidManifest.xml:16:17-126
53                android:value="com.google.firebase.components.ComponentRegistrar" />
53-->[com.google.firebase:firebase-crashlytics:19.4.1] AndroidManifest.xml:17:17-82
54            <meta-data
54-->[com.google.firebase:firebase-crashlytics:19.4.1] AndroidManifest.xml:18:13-20:85
55                android:name="com.google.firebase.components:com.google.firebase.crashlytics.CrashlyticsRegistrar"
55-->[com.google.firebase:firebase-crashlytics:19.4.1] AndroidManifest.xml:19:17-115
56                android:value="com.google.firebase.components.ComponentRegistrar" />
56-->[com.google.firebase:firebase-crashlytics:19.4.1] AndroidManifest.xml:20:17-82
57            <meta-data
57-->[com.google.firebase:firebase-sessions:2.0.9] AndroidManifest.xml:29:13-31:85
58                android:name="com.google.firebase.components:com.google.firebase.sessions.FirebaseSessionsRegistrar"
58-->[com.google.firebase:firebase-sessions:2.0.9] AndroidManifest.xml:30:17-117
59                android:value="com.google.firebase.components.ComponentRegistrar" />
59-->[com.google.firebase:firebase-sessions:2.0.9] AndroidManifest.xml:31:17-82
60            <meta-data
60-->[com.google.firebase:firebase-installations:18.0.0] AndroidManifest.xml:15:13-17:85
61                android:name="com.google.firebase.components:com.google.firebase.installations.FirebaseInstallationsKtxRegistrar"
61-->[com.google.firebase:firebase-installations:18.0.0] AndroidManifest.xml:16:17-130
62                android:value="com.google.firebase.components.ComponentRegistrar" />
62-->[com.google.firebase:firebase-installations:18.0.0] AndroidManifest.xml:17:17-82
63            <meta-data
63-->[com.google.firebase:firebase-installations:18.0.0] AndroidManifest.xml:18:13-20:85
64                android:name="com.google.firebase.components:com.google.firebase.installations.FirebaseInstallationsRegistrar"
64-->[com.google.firebase:firebase-installations:18.0.0] AndroidManifest.xml:19:17-127
65                android:value="com.google.firebase.components.ComponentRegistrar" />
65-->[com.google.firebase:firebase-installations:18.0.0] AndroidManifest.xml:20:17-82
66            <meta-data
66-->[com.google.firebase:firebase-common-ktx:21.0.0] AndroidManifest.xml:12:13-14:85
67                android:name="com.google.firebase.components:com.google.firebase.ktx.FirebaseCommonLegacyRegistrar"
67-->[com.google.firebase:firebase-common-ktx:21.0.0] AndroidManifest.xml:13:17-116
68                android:value="com.google.firebase.components.ComponentRegistrar" />
68-->[com.google.firebase:firebase-common-ktx:21.0.0] AndroidManifest.xml:14:17-82
69            <meta-data
69-->[com.google.firebase:firebase-common:21.0.0] AndroidManifest.xml:35:13-37:85
70                android:name="com.google.firebase.components:com.google.firebase.FirebaseCommonKtxRegistrar"
70-->[com.google.firebase:firebase-common:21.0.0] AndroidManifest.xml:36:17-109
71                android:value="com.google.firebase.components.ComponentRegistrar" />
71-->[com.google.firebase:firebase-common:21.0.0] AndroidManifest.xml:37:17-82
72            <meta-data
72-->[com.google.firebase:firebase-datatransport:19.0.0] AndroidManifest.xml:25:13-27:85
73                android:name="com.google.firebase.components:com.google.firebase.datatransport.TransportRegistrar"
73-->[com.google.firebase:firebase-datatransport:19.0.0] AndroidManifest.xml:26:17-115
74                android:value="com.google.firebase.components.ComponentRegistrar" />
74-->[com.google.firebase:firebase-datatransport:19.0.0] AndroidManifest.xml:27:17-82
75        </service>
76        <service
76-->[com.google.firebase:firebase-sessions:2.0.9] AndroidManifest.xml:22:9-25:40
77            android:name="com.google.firebase.sessions.SessionLifecycleService"
77-->[com.google.firebase:firebase-sessions:2.0.9] AndroidManifest.xml:23:13-80
78            android:enabled="true"
78-->[com.google.firebase:firebase-sessions:2.0.9] AndroidManifest.xml:24:13-35
79            android:exported="false" />
79-->[com.google.firebase:firebase-sessions:2.0.9] AndroidManifest.xml:25:13-37
80
81        <provider
81-->[com.google.firebase:firebase-common:21.0.0] AndroidManifest.xml:23:9-28:39
82            android:name="com.google.firebase.provider.FirebaseInitProvider"
82-->[com.google.firebase:firebase-common:21.0.0] AndroidManifest.xml:24:13-77
83            android:authorities="com.agonlabs.nefesal.firebaseinitprovider"
83-->[com.google.firebase:firebase-common:21.0.0] AndroidManifest.xml:25:13-72
84            android:directBootAware="true"
84-->[com.google.firebase:firebase-common:21.0.0] AndroidManifest.xml:26:13-43
85            android:exported="false"
85-->[com.google.firebase:firebase-common:21.0.0] AndroidManifest.xml:27:13-37
86            android:initOrder="100" />
86-->[com.google.firebase:firebase-common:21.0.0] AndroidManifest.xml:28:13-36
87
88        <service
88-->[androidx.room:room-runtime:2.6.1] AndroidManifest.xml:24:9-28:63
89            android:name="androidx.room.MultiInstanceInvalidationService"
89-->[androidx.room:room-runtime:2.6.1] AndroidManifest.xml:25:13-74
90            android:directBootAware="true"
90-->[androidx.room:room-runtime:2.6.1] AndroidManifest.xml:26:13-43
91            android:exported="false" />
91-->[androidx.room:room-runtime:2.6.1] AndroidManifest.xml:27:13-37
92
93        <provider
93-->[androidx.emoji2:emoji2:1.3.0] AndroidManifest.xml:24:9-32:20
94            android:name="androidx.startup.InitializationProvider"
94-->[androidx.emoji2:emoji2:1.3.0] AndroidManifest.xml:25:13-67
95            android:authorities="com.agonlabs.nefesal.androidx-startup"
95-->[androidx.emoji2:emoji2:1.3.0] AndroidManifest.xml:26:13-68
96            android:exported="false" >
96-->[androidx.emoji2:emoji2:1.3.0] AndroidManifest.xml:27:13-37
97            <meta-data
97-->[androidx.emoji2:emoji2:1.3.0] AndroidManifest.xml:29:13-31:52
98                android:name="androidx.emoji2.text.EmojiCompatInitializer"
98-->[androidx.emoji2:emoji2:1.3.0] AndroidManifest.xml:30:17-75
99                android:value="androidx.startup" />
99-->[androidx.emoji2:emoji2:1.3.0] AndroidManifest.xml:31:17-49
100            <meta-data
100-->[androidx.lifecycle:lifecycle-process:2.8.4] AndroidManifest.xml:29:13-31:52
101                android:name="androidx.lifecycle.ProcessLifecycleInitializer"
101-->[androidx.lifecycle:lifecycle-process:2.8.4] AndroidManifest.xml:30:17-78
102                android:value="androidx.startup" />
102-->[androidx.lifecycle:lifecycle-process:2.8.4] AndroidManifest.xml:31:17-49
103            <meta-data
103-->[androidx.profileinstaller:profileinstaller:1.3.1] AndroidManifest.xml:29:13-31:52
104                android:name="androidx.profileinstaller.ProfileInstallerInitializer"
104-->[androidx.profileinstaller:profileinstaller:1.3.1] AndroidManifest.xml:30:17-85
105                android:value="androidx.startup" />
105-->[androidx.profileinstaller:profileinstaller:1.3.1] AndroidManifest.xml:31:17-49
106        </provider>
107
108        <meta-data
108-->[com.google.android.gms:play-services-basement:18.3.0] AndroidManifest.xml:21:9-23:69
109            android:name="com.google.android.gms.version"
109-->[com.google.android.gms:play-services-basement:18.3.0] AndroidManifest.xml:22:13-58
110            android:value="@integer/google_play_services_version" />
110-->[com.google.android.gms:play-services-basement:18.3.0] AndroidManifest.xml:23:13-66
111
112        <receiver
112-->[androidx.profileinstaller:profileinstaller:1.3.1] AndroidManifest.xml:34:9-52:20
113            android:name="androidx.profileinstaller.ProfileInstallReceiver"
113-->[androidx.profileinstaller:profileinstaller:1.3.1] AndroidManifest.xml:35:13-76
114            android:directBootAware="false"
114-->[androidx.profileinstaller:profileinstaller:1.3.1] AndroidManifest.xml:36:13-44
115            android:enabled="true"
115-->[androidx.profileinstaller:profileinstaller:1.3.1] AndroidManifest.xml:37:13-35
116            android:exported="true"
116-->[androidx.profileinstaller:profileinstaller:1.3.1] AndroidManifest.xml:38:13-36
117            android:permission="android.permission.DUMP" >
117-->[androidx.profileinstaller:profileinstaller:1.3.1] AndroidManifest.xml:39:13-57
118            <intent-filter>
118-->[androidx.profileinstaller:profileinstaller:1.3.1] AndroidManifest.xml:40:13-42:29
119                <action android:name="androidx.profileinstaller.action.INSTALL_PROFILE" />
119-->[androidx.profileinstaller:profileinstaller:1.3.1] AndroidManifest.xml:41:17-91
119-->[androidx.profileinstaller:profileinstaller:1.3.1] AndroidManifest.xml:41:25-88
120            </intent-filter>
121            <intent-filter>
121-->[androidx.profileinstaller:profileinstaller:1.3.1] AndroidManifest.xml:43:13-45:29
122                <action android:name="androidx.profileinstaller.action.SKIP_FILE" />
122-->[androidx.profileinstaller:profileinstaller:1.3.1] AndroidManifest.xml:44:17-85
122-->[androidx.profileinstaller:profileinstaller:1.3.1] AndroidManifest.xml:44:25-82
123            </intent-filter>
124            <intent-filter>
124-->[androidx.profileinstaller:profileinstaller:1.3.1] AndroidManifest.xml:46:13-48:29
125                <action android:name="androidx.profileinstaller.action.SAVE_PROFILE" />
125-->[androidx.profileinstaller:profileinstaller:1.3.1] AndroidManifest.xml:47:17-88
125-->[androidx.profileinstaller:profileinstaller:1.3.1] AndroidManifest.xml:47:25-85
126            </intent-filter>
127            <intent-filter>
127-->[androidx.profileinstaller:profileinstaller:1.3.1] AndroidManifest.xml:49:13-51:29
128                <action android:name="androidx.profileinstaller.action.BENCHMARK_OPERATION" />
128-->[androidx.profileinstaller:profileinstaller:1.3.1] AndroidManifest.xml:50:17-95
128-->[androidx.profileinstaller:profileinstaller:1.3.1] AndroidManifest.xml:50:25-92
129            </intent-filter>
130        </receiver>
131
132        <service
132-->[com.google.android.datatransport:transport-backend-cct:3.3.0] AndroidManifest.xml:26:9-32:19
133            android:name="com.google.android.datatransport.runtime.backends.TransportBackendDiscovery"
133-->[com.google.android.datatransport:transport-backend-cct:3.3.0] AndroidManifest.xml:27:13-103
134            android:exported="false" >
134-->[com.google.android.datatransport:transport-backend-cct:3.3.0] AndroidManifest.xml:28:13-37
135            <meta-data
135-->[com.google.android.datatransport:transport-backend-cct:3.3.0] AndroidManifest.xml:29:13-31:39
136                android:name="backend:com.google.android.datatransport.cct.CctBackendFactory"
136-->[com.google.android.datatransport:transport-backend-cct:3.3.0] AndroidManifest.xml:30:17-94
137                android:value="cct" />
137-->[com.google.android.datatransport:transport-backend-cct:3.3.0] AndroidManifest.xml:31:17-36
138        </service>
139        <service
139-->[com.google.android.datatransport:transport-runtime:3.3.0] AndroidManifest.xml:24:9-28:19
140            android:name="com.google.android.datatransport.runtime.scheduling.jobscheduling.JobInfoSchedulerService"
140-->[com.google.android.datatransport:transport-runtime:3.3.0] AndroidManifest.xml:25:13-117
141            android:exported="false"
141-->[com.google.android.datatransport:transport-runtime:3.3.0] AndroidManifest.xml:26:13-37
142            android:permission="android.permission.BIND_JOB_SERVICE" >
142-->[com.google.android.datatransport:transport-runtime:3.3.0] AndroidManifest.xml:27:13-69
143        </service>
144
145        <receiver
145-->[com.google.android.datatransport:transport-runtime:3.3.0] AndroidManifest.xml:30:9-32:40
146            android:name="com.google.android.datatransport.runtime.scheduling.jobscheduling.AlarmManagerSchedulerBroadcastReceiver"
146-->[com.google.android.datatransport:transport-runtime:3.3.0] AndroidManifest.xml:31:13-132
147            android:exported="false" />
147-->[com.google.android.datatransport:transport-runtime:3.3.0] AndroidManifest.xml:32:13-37
148    </application>
149
150</manifest>